2. CODE/Finall/Test_Set_Parent/app/build/intermediates/manifest_merge_blame_file/debug/manifest-merger-blame-debug-report.txt
1<?xml version="1.0" encoding="utf-8"?>
2<manifest xmlns:android="http://schemas.android.com/apk/res/android"
3    package="com.example.test_set_parent"
4    android:versionCode="1"
5    android:versionName="1.0" >
6
7    <uses-sdk
8        android:minSdkVersion="24"
8-->src\main\AndroidManifest.xml
9        android:targetSdkVersion="29" />
9-->src\main\AndroidManifest.xml
10
11    <uses-permission android:name="android.permission.INTERNET" />
11-->src\main\AndroidManifest.xml:5:5-67
11-->src\main\AndroidManifest.xml:5:22-64
12    <uses-permission android:name="android.permission.READ_PHONE_STATE" />
12-->src\main\AndroidManifest.xml:6:5-75
12-->src\main\AndroidManifest.xml:6:22-72
13    <uses-permission android:name="android.permission.READ_CONTACTS" />
13-->src\main\AndroidManifest.xml:7:5-72
13-->src\main\AndroidManifest.xml:7:22-69
14    <uses-permission android:name="android.permission.SEND_SMS" />
14-->src\main\AndroidManifest.xml:8:5-67
14-->src\main\AndroidManifest.xml:8:22-64
15    <uses-permission android:name="android.permission.READ_PHONE_NUMBERS" />
15-->src\main\AndroidManifest.xml:9:5-77
15-->src\main\AndroidManifest.xml:9:22-74
16    <uses-permission android:name="android.permission.READ_SMS" />
16-->src\main\AndroidManifest.xml:10:5-67
16-->src\main\AndroidManifest.xml:10:22-64
17    <uses-permission android:name="android.permission.READ_CONTACTS" />
17-->src\main\AndroidManifest.xml:7:5-72
17-->src\main\AndroidManifest.xml:7:22-69
18    <uses-permission android:name="android.permission.USE_FULL_SCREEN_INTENT" />
18-->src\main\AndroidManifest.xml:12:5-81
18-->src\main\AndroidManifest.xml:12:22-78
19    <uses-permission android:name="android.permission.ACCESS_FINE_LOCATION" />
19-->src\main\AndroidManifest.xml:13:5-79
19-->src\main\AndroidManifest.xml:13:22-76
20    <uses-permission android:name="android.permission.SEND_SMS" />
20-->src\main\AndroidManifest.xml:8:5-67
20-->src\main\AndroidManifest.xml:8:22-64
21    <uses-permission android:name="android.permission.INTERNET" />
21-->src\main\AndroidManifest.xml:5:5-67
21-->src\main\AndroidManifest.xml:5:22-64
22
23    <application
23-->src\main\AndroidManifest.xml:17:5-40:19
24        android:allowBackup="true"
24-->src\main\AndroidManifest.xml:18:9-35
25        android:appComponentFactory="androidx.core.app.CoreComponentFactory"
25-->[androidx.core:core:1.3.1] AndroidManifest.xml:24:18-86
26        android:debuggable="true"
27        android:extractNativeLibs="false"
28        android:icon="@mipmap/ic_launcher"
28-->src\main\AndroidManifest.xml:19:9-43
29        android:label="캡틴대프리카"
29-->src\main\AndroidManifest.xml:20:9-31
30        android:roundIcon="@mipmap/ic_launcher_round"
30-->src\main\AndroidManifest.xml:21:9-54
31        android:supportsRtl="true"
31-->src\main\AndroidManifest.xml:22:9-35
32        android:testOnly="true"
33        android:theme="@style/AppTheme" >
33-->src\main\AndroidManifest.xml:23:9-40
34        <activity
34-->src\main\AndroidManifest.xml:24:9-26:58
35            android:name="com.example.test_set_parent.Information"
35-->src\main\AndroidManifest.xml:25:13-40
36            android:parentActivityName="com.example.test_set_parent.MainActivity" />
36-->src\main\AndroidManifest.xml:26:13-55
37        <activity
37-->src\main\AndroidManifest.xml:27:9-29:58
38            android:name="com.example.test_set_parent.Recv_Activity"
38-->src\main\AndroidManifest.xml:28:13-42
39            android:parentActivityName="com.example.test_set_parent.MainActivity" />
39-->src\main\AndroidManifest.xml:29:13-55
40        <activity
40-->src\main\AndroidManifest.xml:30:9-32:58
41            android:name="com.example.test_set_parent.Send_Activity"
41-->src\main\AndroidManifest.xml:31:13-42
42            android:parentActivityName="com.example.test_set_parent.MainActivity" />
42-->src\main\AndroidManifest.xml:32:13-55
43        <activity android:name="com.example.test_set_parent.MainActivity" >
43-->src\main\AndroidManifest.xml:33:9-39:20
43-->src\main\AndroidManifest.xml:33:19-47
44            <intent-filter>
44-->src\main\AndroidManifest.xml:34:13-38:29
45                <action android:name="android.intent.action.MAIN" />
45-->src\main\AndroidManifest.xml:35:17-69
45-->src\main\AndroidManifest.xml:35:25-66
46
47                <category android:name="android.intent.category.LAUNCHER" />
47-->src\main\AndroidManifest.xml:37:17-77
47-->src\main\AndroidManifest.xml:37:27-74
48            </intent-filter>
49        </activity>
50    </application>
51
52</manifest>